#
# There is insufficient memory for the Java Runtime Environment to continue.
# Native memory allocation (malloc) failed to allocate 208816 bytes for Chunk::new
# Possible reasons:
#   The system is out of physical RAM or swap space
#   The process is running with CompressedOops enabled, and the Java Heap may be blocking the growth of the native heap
# Possible solutions:
#   Reduce memory load on the system
#   Increase physical memory or swap space
#   Check if swap backing store is full
#   Decrease Java heap size (-Xmx/-Xms)
#   Decrease number of Java threads
#   Decrease Java thread stack sizes (-Xss)
#   Set larger code cache with -XX:ReservedCodeCacheSize=
#   JVM is running with Zero Based Compressed Oops mode in which the Java heap is
#     placed in the first 32GB address space. The Java Heap base address is the
#     maximum limit for the native heap growth. Please use -XX:HeapBaseMinAddress
#     to set the Java Heap base and to place the Java Heap above 32GB virtual address.
# This output file may be truncated or incomplete.
#
#  Out of Memory Error (allocation.cpp:389), pid=29756, tid=0x000000000000072c
#
# JRE version: OpenJDK Runtime Environment (8.0_345-b01) (build 1.8.0_345-b01)
# Java VM: OpenJDK 64-Bit Server VM (25.345-b01 mixed mode windows-amd64 compressed oops)
# Failed to write core dump. Minidumps are not enabled by default on client versions of Windows
#

---------------  T H R E A D  ---------------

Current thread (0x0000027a41523800):  JavaThread "C2 CompilerThread2" daemon [_thread_in_native, id=1836, stack(0x000000c1f3100000,0x000000c1f3200000)]

Stack: [0x000000c1f3100000,0x000000c1f3200000]
[error occurred during error reporting (printing stack bounds), id 0xc0000005]

Native frames: (J=compiled Java code, j=interpreted, Vv=VM code, C=native code)


Current CompileTask:
C2:   1355 1958       4       org.apache.maven.model.interpolation.StringVisitorModelInterpolator$ModelVisitor::interpolate (11 bytes)


---------------  P R O C E S S  ---------------

Java Threads: ( => current thread )
  0x0000027a415ba000 JavaThread "Service Thread" daemon [_thread_blocked, id=8052, stack(0x000000c1f3300000,0x000000c1f3400000)]
  0x0000027a4152c800 JavaThread "C1 CompilerThread3" daemon [_thread_in_native, id=20324, stack(0x000000c1f3200000,0x000000c1f3300000)]
=>0x0000027a41523800 JavaThread "C2 CompilerThread2" daemon [_thread_in_native, id=1836, stack(0x000000c1f3100000,0x000000c1f3200000)]
  0x0000027a41520800 JavaThread "C2 CompilerThread1" daemon [_thread_in_native, id=14916, stack(0x000000c1f3000000,0x000000c1f3100000)]
  0x0000027a41527000 JavaThread "C2 CompilerThread0" daemon [_thread_in_native, id=15820, stack(0x000000c1f2f00000,0x000000c1f3000000)]
  0x0000027a4024e000 JavaThread "Monitor Ctrl-Break" daemon [_thread_in_native, id=31148, stack(0x000000c1f2e00000,0x000000c1f2f00000)]
  0x0000027a40228000 JavaThread "Attach Listener" daemon [_thread_blocked, id=8432, stack(0x000000c1f2d00000,0x000000c1f2e00000)]
  0x0000027a40227800 JavaThread "Signal Dispatcher" daemon [_thread_blocked, id=23752, stack(0x000000c1f2c00000,0x000000c1f2d00000)]
  0x0000027a401ad000 JavaThread "Finalizer" daemon [_thread_blocked, id=28176, stack(0x000000c1f2b00000,0x000000c1f2c00000)]
  0x0000027a401a6000 JavaThread "Reference Handler" daemon [_thread_blocked, id=34376, stack(0x000000c1f2a00000,0x000000c1f2b00000)]
  0x0000027a247ad800 JavaThread "main" [_thread_in_Java, id=18204, stack(0x000000c1f2000000,0x000000c1f2100000)]

Other Threads:
  0x0000027a40173800 VMThread [stack: 0x000000c1f2900000,0x000000c1f2a00000] [id=19972]
  0x0000027a415bb000 WatcherThread [stack: 0x000000c1f3400000,0x000000c1f3500000] [id=27692]

VM state:not at safepoint (normal execution)

VM Mutex/Monitor currently owned by a thread: None

heap address: 0x00000006c2000000, size: 4064 MB, Compressed Oops mode: Zero based, Oop shift amount: 3
Narrow klass base: 0x0000000000000000, Narrow klass shift: 3
Compressed class space size: 1073741824 Address: 0x00000007c0000000

Heap:
 PSYoungGen      total 75776K, used 54069K [0x000000076b580000, 0x0000000774980000, 0x00000007c0000000)
  eden space 65024K, 67% used [0x000000076b580000,0x000000076e07a3e8,0x000000076f500000)
  from space 10752K, 93% used [0x000000076f500000,0x000000076fed33a8,0x000000076ff80000)
  to   space 10752K, 0% used [0x0000000773f00000,0x0000000773f00000,0x0000000774980000)
 ParOldGen       total 173568K, used 16K [0x00000006c2000000, 0x00000006cc980000, 0x000000076b580000)
  object space 173568K, 0% used [0x00000006c2000000,0x00000006c2004000,0x00000006cc980000)
 Metaspace       used 15755K, capacity 16022K, committed 16384K, reserved 1062912K
  class space    used 1900K, capacity 1978K, committed 2048K, reserved 1048576K

Card table byte_map: [0x0000027a35810000,0x0000027a36010000] byte_map_base: 0x0000027a32200000

Marking Bits: (ParMarkBitMap*) 0x0000000062382850
 Begin Bits: [0x0000027a36560000, 0x0000027a3a4e0000)
 End Bits:   [0x0000027a3a4e0000, 0x0000027a3e460000)

Polling page: 0x0000027a26420000

CodeCache: size=245760Kb used=6629Kb max_used=6629Kb free=239130Kb
 bounds [0x0000027a26450000, 0x0000027a26ad0000, 0x0000027a35450000]
 total_blobs=2324 nmethods=1972 adapters=264
 compilation: enabled

Compilation events (10 events):
Event: 1.352 Thread 0x0000027a4152c800 nmethod 1957 0x0000027a26abf510 code [0x0000027a26abf660, 0x0000027a26abf778]
Event: 1.352 Thread 0x0000027a4152c800 1961       1       org.eclipse.aether.repository.RemoteRepository::getId (5 bytes)
Event: 1.352 Thread 0x0000027a4152c800 nmethod 1961 0x0000027a26abf1d0 code [0x0000027a26abf320, 0x0000027a26abf438]
Event: 1.352 Thread 0x0000027a4152c800 1954       1       org.apache.maven.model.Parent::getArtifactId (5 bytes)
Event: 1.352 Thread 0x0000027a4152c800 nmethod 1954 0x0000027a26ac9150 code [0x0000027a26ac92a0, 0x0000027a26ac93b8]
Event: 1.352 Thread 0x0000027a4152c800 1967   !   3       org.apache.maven.model.Dependency::clone (137 bytes)
Event: 1.353 Thread 0x0000027a4152c800 nmethod 1967 0x0000027a26ac6b50 code [0x0000027a26ac6e40, 0x0000027a26ac8550]
Event: 1.353 Thread 0x0000027a4152c800 1970       3       java.util.Hashtable$Entry::clone (41 bytes)
Event: 1.353 Thread 0x0000027a4152c800 nmethod 1970 0x0000027a26acb8d0 code [0x0000027a26acba60, 0x0000027a26acbef0]
Event: 1.353 Thread 0x0000027a4152c800 1968       3       org.apache.maven.model.ModelBase::getProperties (23 bytes)

GC Heap History (2 events):
Event: 0.825 GC heap before
{Heap before GC invocations=1 (full 0):
 PSYoungGen      total 75776K, used 65024K [0x000000076b580000, 0x0000000770a00000, 0x00000007c0000000)
  eden space 65024K, 100% used [0x000000076b580000,0x000000076f500000,0x000000076f500000)
  from space 10752K, 0% used [0x000000076ff80000,0x000000076ff80000,0x0000000770a00000)
  to   space 10752K, 0% used [0x000000076f500000,0x000000076f500000,0x000000076ff80000)
 ParOldGen       total 173568K, used 0K [0x00000006c2000000, 0x00000006cc980000, 0x000000076b580000)
  object space 173568K, 0% used [0x00000006c2000000,0x00000006c2000000,0x00000006cc980000)
 Metaspace       used 11553K, capacity 11884K, committed 12032K, reserved 1060864K
  class space    used 1403K, capacity 1512K, committed 1536K, reserved 1048576K
Event: 0.834 GC heap after
Heap after GC invocations=1 (full 0):
 PSYoungGen      total 75776K, used 10060K [0x000000076b580000, 0x0000000774980000, 0x00000007c0000000)
  eden space 65024K, 0% used [0x000000076b580000,0x000000076b580000,0x000000076f500000)
  from space 10752K, 93% used [0x000000076f500000,0x000000076fed33a8,0x000000076ff80000)
  to   space 10752K, 0% used [0x0000000773f00000,0x0000000773f00000,0x0000000774980000)
 ParOldGen       total 173568K, used 16K [0x00000006c2000000, 0x00000006cc980000, 0x000000076b580000)
  object space 173568K, 0% used [0x00000006c2000000,0x00000006c2004000,0x00000006cc980000)
 Metaspace       used 11553K, capacity 11884K, committed 12032K, reserved 1060864K
  class space    used 1403K, capacity 1512K, committed 1536K, reserved 1048576K
}

Deoptimization events (10 events):
Event: 1.169 Thread 0x0000027a247ad800 Uncommon trap: reason=unstable_if action=reinterpret pc=0x0000027a2691fe3c method=sun.net.www.ParseUtil.encodePath(Ljava/lang/String;Z)Ljava/lang/String; @ 109
Event: 1.182 Thread 0x0000027a247ad800 Uncommon trap: reason=unstable_if action=reinterpret pc=0x0000027a265e7d58 method=java.lang.String.replace(CC)Ljava/lang/String; @ 2
Event: 1.190 Thread 0x0000027a247ad800 Uncommon trap: reason=bimorphic action=maybe_recompile pc=0x0000027a269df9ec method=java.util.HashMap.putVal(ILjava/lang/Object;Ljava/lang/Object;ZZ)Ljava/lang/Object; @ 203
Event: 1.238 Thread 0x0000027a247ad800 Uncommon trap: reason=bimorphic action=maybe_recompile pc=0x0000027a269df9ec method=java.util.HashMap.putVal(ILjava/lang/Object;Ljava/lang/Object;ZZ)Ljava/lang/Object; @ 203
Event: 1.263 Thread 0x0000027a247ad800 Uncommon trap: reason=unstable_if action=reinterpret pc=0x0000027a26a1ccf0 method=org.codehaus.plexus.util.xml.pull.MXParser.nextImpl()I @ 879
Event: 1.271 Thread 0x0000027a247ad800 Uncommon trap: reason=bimorphic action=maybe_recompile pc=0x0000027a269df9ec method=java.util.HashMap.putVal(ILjava/lang/Object;Ljava/lang/Object;ZZ)Ljava/lang/Object; @ 203
Event: 1.272 Thread 0x0000027a247ad800 Uncommon trap: reason=bimorphic action=maybe_recompile pc=0x0000027a269df9ec method=java.util.HashMap.putVal(ILjava/lang/Object;Ljava/lang/Object;ZZ)Ljava/lang/Object; @ 203
Event: 1.289 Thread 0x0000027a247ad800 Uncommon trap: reason=bimorphic action=maybe_recompile pc=0x0000027a269d930c method=java.util.HashMap.putVal(ILjava/lang/Object;Ljava/lang/Object;ZZ)Ljava/lang/Object; @ 203
Event: 1.316 Thread 0x0000027a247ad800 Uncommon trap: reason=null_check action=make_not_entrant pc=0x0000027a26aa09cc method=org.apache.maven.model.io.xpp3.MavenXpp3Reader.checkFieldWithDuplicate(Lorg/codehaus/plexus/util/xml/pull/XmlPullParser;Ljava/lang/String;Ljava/lang/String;Ljava/util/Se
Event: 1.337 Thread 0x0000027a247ad800 Uncommon trap: reason=unstable_if action=reinterpret pc=0x0000027a26a48c50 method=java.lang.String.trim()Ljava/lang/String; @ 63

Classes redefined (0 events):
No events

Internal exceptions (10 events):
Event: 0.209 Thread 0x0000027a247ad800 Exception <a 'java/lang/NullPointerException'> (0x000000076bcdac98) thrown at [J:\jenkins\tmp\workspace\build\src\hotspot\src\share\vm\interpreter\linkResolver.cpp, line 1185]
Event: 0.209 Thread 0x0000027a247ad800 Exception <a 'java/lang/NullPointerException'> (0x000000076bce3aa0) thrown at [J:\jenkins\tmp\workspace\build\src\hotspot\src\share\vm\interpreter\linkResolver.cpp, line 1185]
Event: 0.210 Thread 0x0000027a247ad800 Exception <a 'java/lang/NullPointerException'> (0x000000076bcff5f0) thrown at [J:\jenkins\tmp\workspace\build\src\hotspot\src\share\vm\interpreter\linkResolver.cpp, line 1185]
Event: 0.211 Thread 0x0000027a247ad800 Exception <a 'java/lang/NullPointerException'> (0x000000076bcff7f8) thrown at [J:\jenkins\tmp\workspace\build\src\hotspot\src\share\vm\interpreter\linkResolver.cpp, line 1185]
Event: 0.211 Thread 0x0000027a247ad800 Exception <a 'java/lang/NullPointerException'> (0x000000076bcffa00) thrown at [J:\jenkins\tmp\workspace\build\src\hotspot\src\share\vm\interpreter\linkResolver.cpp, line 1185]
Event: 0.211 Thread 0x0000027a247ad800 Exception <a 'java/lang/NullPointerException'> (0x000000076bcffc08) thrown at [J:\jenkins\tmp\workspace\build\src\hotspot\src\share\vm\interpreter\linkResolver.cpp, line 1185]
Event: 0.455 Thread 0x0000027a247ad800 Exception <a 'java/lang/NoClassDefFoundError': javax/enterprise/inject/Typed> (0x000000076ce139e8) thrown at [J:\jenkins\tmp\workspace\build\src\hotspot\src\share\vm\classfile\systemDictionary.cpp, line 206]
Event: 0.995 Thread 0x0000027a247ad800 Exception <a 'java/lang/NoClassDefFoundError': com/google/inject/servlet/ServletModuleTargetVisitor> (0x000000076c4450e0) thrown at [J:\jenkins\tmp\workspace\build\src\hotspot\src\share\vm\classfile\systemDictionary.cpp, line 206]
Event: 0.995 Thread 0x0000027a247ad800 Exception <a 'java/lang/NoClassDefFoundError'> (0x000000076c4450e0) thrown at [J:\jenkins\tmp\workspace\build\src\hotspot\src\share\vm\prims\jvm.cpp, line 1528]
Event: 1.316 Thread 0x0000027a247ad800 Implicit null exception at 0x0000027a26a9f6ef to 0x0000027a26aa09bd

Events (10 events):
Event: 1.336 loading class org/eclipse/aether/internal/impl/collect/DataPool$Constraint$VersionRepo done
Event: 1.337 Thread 0x0000027a247ad800 Uncommon trap: trap_request=0xffffff65 fr.pc=0x0000027a26a48c50
Event: 1.337 Thread 0x0000027a247ad800 DEOPT PACKING pc=0x0000027a26a48c50 sp=0x000000c1f20fd0c0
Event: 1.337 Thread 0x0000027a247ad800 DEOPT UNPACKING pc=0x0000027a26495583 sp=0x000000c1f20fd098 mode 2
Event: 1.349 loading class org/eclipse/aether/internal/impl/collect/DataPool$GoodDescriptor
Event: 1.349 loading class org/eclipse/aether/internal/impl/collect/DataPool$GoodDescriptor done
Event: 1.349 loading class org/eclipse/aether/internal/impl/collect/DataPool$Descriptor
Event: 1.349 loading class org/eclipse/aether/internal/impl/collect/DataPool$Descriptor done
Event: 1.350 loading class org/eclipse/aether/internal/impl/collect/DataPool$GraphKey
Event: 1.350 loading class org/eclipse/aether/internal/impl/collect/DataPool$GraphKey done


Dynamic libraries:
0x00007ff66d300000 - 0x00007ff66d33a000 	D:\jdk\bin\java.exe
0x00007ffa13a30000 - 0x00007ffa13c47000 	C:\WINDOWS\SYSTEM32\ntdll.dll
0x00007ffa126c0000 - 0x00007ffa12784000 	C:\WINDOWS\System32\KERNEL32.DLL
0x00007ffa11050000 - 0x00007ffa113fc000 	C:\WINDOWS\System32\KERNELBASE.dll
0x00007ffa119a0000 - 0x00007ffa11a52000 	C:\WINDOWS\System32\ADVAPI32.dll
0x00007ffa13460000 - 0x00007ffa13507000 	C:\WINDOWS\System32\msvcrt.dll
0x00007ffa11c10000 - 0x00007ffa11cba000 	C:\WINDOWS\System32\sechost.dll
0x00007ffa10fa0000 - 0x00007ffa10fc8000 	C:\WINDOWS\System32\bcrypt.dll
0x00007ffa12070000 - 0x00007ffa12185000 	C:\WINDOWS\System32\RPCRT4.dll
0x00007ffa11a60000 - 0x00007ffa11c0e000 	C:\WINDOWS\System32\USER32.dll
0x00007ffa10ed0000 - 0x00007ffa10ef6000 	C:\WINDOWS\System32\win32u.dll
0x00007ffa11770000 - 0x00007ffa11799000 	C:\WINDOWS\System32\GDI32.dll
0x00007ffa11650000 - 0x00007ffa11769000 	C:\WINDOWS\System32\gdi32full.dll
0x00007ffa10f00000 - 0x00007ffa10f9a000 	C:\WINDOWS\System32\msvcp_win.dll
0x00007ffa114c0000 - 0x00007ffa115d1000 	C:\WINDOWS\System32\ucrtbase.dll
0x00007ff9fb7c0000 - 0x00007ff9fba53000 	C:\WINDOWS\WinSxS\amd64_microsoft.windows.common-controls_6595b64144ccf1df_6.0.22621.3672_none_2713b9d173822955\COMCTL32.dll
0x00007ffa12840000 - 0x00007ffa12871000 	C:\WINDOWS\System32\IMM32.DLL
0x00007ff9d5f40000 - 0x00007ff9d602f000 	D:\jdk\jre\bin\msvcr120.dll
0x00007ff9d5e90000 - 0x00007ff9d5f36000 	D:\jdk\jre\bin\msvcp120.dll
0x0000000061b90000 - 0x0000000062401000 	D:\jdk\jre\bin\server\jvm.dll
0x00007ffa12320000 - 0x00007ffa12328000 	C:\WINDOWS\System32\PSAPI.DLL
0x00007ffa054a0000 - 0x00007ffa054a9000 	C:\WINDOWS\SYSTEM32\WSOCK32.dll
0x00007ffa053b0000 - 0x00007ffa053ba000 	C:\WINDOWS\SYSTEM32\VERSION.dll
0x00007ffa070a0000 - 0x00007ffa070d4000 	C:\WINDOWS\SYSTEM32\WINMM.dll
0x00007ffa12b00000 - 0x00007ffa12b71000 	C:\WINDOWS\System32\WS2_32.dll
0x00007ffa0a9f0000 - 0x00007ffa0a9ff000 	D:\jdk\jre\bin\verify.dll
0x00007ffa079f0000 - 0x00007ffa07a19000 	D:\jdk\jre\bin\java.dll
0x00007ff9fd010000 - 0x00007ff9fd03a000 	D:\jdk\jre\bin\instrument.dll
0x00007ffa07880000 - 0x00007ffa07896000 	D:\jdk\jre\bin\zip.dll
0x00007ffa12b80000 - 0x00007ffa133dc000 	C:\WINDOWS\System32\SHELL32.dll
0x00007ffa0ec60000 - 0x00007ffa0f557000 	C:\WINDOWS\SYSTEM32\windows.storage.dll
0x00007ffa12330000 - 0x00007ffa126b8000 	C:\WINDOWS\System32\combase.dll
0x00007ffa0eb20000 - 0x00007ffa0ec5f000 	C:\WINDOWS\SYSTEM32\wintypes.dll
0x00007ffa11880000 - 0x00007ffa11974000 	C:\WINDOWS\System32\SHCORE.dll
0x00007ffa13510000 - 0x00007ffa1356e000 	C:\WINDOWS\System32\shlwapi.dll
0x00007ffa10c90000 - 0x00007ffa10cb1000 	C:\WINDOWS\SYSTEM32\profapi.dll
0x00007ff9fce90000 - 0x00007ff9fceaa000 	D:\IntelliJ IDEA 2022.2.1\bin\breakgen64.dll
0x00007ffa05c90000 - 0x00007ffa05caa000 	D:\jdk\jre\bin\net.dll
0x00007ffa102a0000 - 0x00007ffa10309000 	C:\WINDOWS\system32\mswsock.dll
0x0000000069ac0000 - 0x0000000069ae4000 	C:\Users\王品泽\AppData\Local\Temp\jansi-2.4.0-f20ebc5061715145-jansi.dll

VM Arguments:
jvm_args: -Dmaven.multiModuleProjectDirectory=D:\第八组_学生成绩管理系统(王品泽，余意，贺筠竣)\项目源码\项目源码\StudentSystemWechat -Dmaven.home=D:\apache-maven-3.8.6 -Dclassworlds.conf=D:\apache-maven-3.8.6\bin\m2.conf -Dmaven.ext.class.path=D:\IntelliJ IDEA 2022.2.1\plugins\maven\lib\maven-event-listener.jar -javaagent:D:\IntelliJ IDEA 2022.2.1\lib\idea_rt.jar=12681:D:\IntelliJ IDEA 2022.2.1\bin -Dfile.encoding=UTF-8 
java_command: org.codehaus.classworlds.Launcher -Didea.version=2022.2.1 -s D:\apache-maven-3.8.6\conf\settings.xml -Dmaven.repo.local=D:\apache-maven-3.8.6\repository package
java_class_path (initial): D:\apache-maven-3.8.6\boot\plexus-classworlds-2.6.0.jar;D:\apache-maven-3.8.6\boot\plexus-classworlds.license;D:\IntelliJ IDEA 2022.2.1\lib\idea_rt.jar
Launcher Type: SUN_STANDARD

Environment Variables:
PATH=D:\VM\bin\;C:\Program Files\Common Files\Oracle\Java\javapath;C:\Program Files\Java\jdk-16.0.1\bin；C:\Program Files\Common Files\Oracle\Java\javapath;\WINDOWS\system32;C:\WINDOWS;C:\WINDOWS\System32\Wbem;C:\WINDOWS\System32\WindowsPowerShell\v1.0\;C:\WINDOWS\System32\OpenSSH\;C:\Program Files (x86)\NVIDIA Corporation\PhysX\Common;C:\Program Files\Microsoft SQL Server\Client SDK\ODBC\170\Tools\Binn\;C:\Program Files (x86)\Microsoft SQL Server\150\Tools\Binn\;C:\Program Files\Microsoft SQL Server\150\Tools\Binn\;C:\Program Files\Microsoft SQL Server\150\DTS\Binn\;C:\Program Files\Azure Data Studio\bin;C:\WINDOWS\system32;C:\Program Files\NVIDIA Corporation\NVIDIA NvDLISR;D:\apache-maven-3.8.6\bin;D:\NodeJs\;C:\ProgramData\chocolatey\bin;D:\NodeJs\node_global\node_modules;D:\NodeJs\node_global;C:\Program Files\MySQL\MySQL Server 5.1\bin;C:\WINDOWS\system32;C:\WINDOWS;C:\WINDOWS\System32\Wbem;C:\WINDOWS\System32\WindowsPowerShell\v1.0\;C:\WINDOWS\System32\OpenSSH\;D:\NodeJs\node_modules;D:\vivo\pcsuite\;D:\go\bin;D:\GoProject\bin;C:\Program Files (x86)\EasyShare\x86\;C:\Program Files (x86)\EasyShare\x64\;C:\Program Files\Git\cmd;C:\Program Files\Docker\Docker\resources\bin;D:\protoc-27.1-win64\bin;D:\XShell\;C:\Program Files\MySQL\MySQL Shell 8.0\bin\;C:\Users\王品泽\AppData\Local\Programs\Python\Python310\Scripts\;C:\Users\王品泽\AppData\Local\Programs\Python\Python310\;C:\Users\王品泽\AppData\Local\Microsoft\WindowsApps;D:\CLion 2022.3.2\bin;D:\IntelliJ IDEA Community Edition 2021.1.1\bin;C:\Program Files\Azure Data Studio\bin;D:\IntelliJ IDEA 2022.2.1\bin;C:\Users\王品泽\AppData\Local\Programs\Microsoft VS Code\bin;D:\PyCharm 2022.3\bin;C:\Users\王品泽\AppData\Local\JetBrains\Toolbox\scripts;D:\NodeJs\node_global;D:\CLion 2023.1.5\bin;;C:\Users\王品泽\AppData\Local\Microsoft\WindowsApps;C:\MinGW\bin;;C:\Users\王品泽\AppData\Local\JetBrains\GoLand 2024.1.1\bin;
USERNAME=wangpinze
OS=Windows_NT
PROCESSOR_IDENTIFIER=Intel64 Family 6 Model 165 Stepping 2, GenuineIntel



---------------  S Y S T E M  ---------------

OS: Windows 10.0 , 64 bit Build 22621 (10.0.22621.3672)

CPU:total 8 (initial active 8) (4 cores per cpu, 2 threads per core) family 6 model 165 stepping 2, cmov, cx8, fxsr, mmx, sse, sse2, sse3, ssse3, sse4.1, sse4.2, popcnt, avx, avx2, aes, clmul, erms, 3dnowpref, lzcnt, ht, tsc, tscinvbit, bmi1, bmi2, adx

Memory: 4k page, physical 16641840k(1012436k free), swap 26881840k(4108k free)

vm_info: OpenJDK 64-Bit Server VM (25.345-b01) for windows-amd64 JRE (1.8.0_345-b01), built on Aug  2 2022 10:16:38 by "jenkins" with MS VC++ 12.0 (VS2013)

time: Thu Jun 27 19:33:16 2024
timezone: 中国标准时间
elapsed time: 1.361006 seconds (0d 0h 0m 1s)

